-------------------------------------------------------------------------------
Test set: com.example.stockprice.StockpriceApplicationTests
-------------------------------------------------------------------------------
Tests run: 1, Failures: 0, Errors: 1, Skipped: 0, Time elapsed: 6.401 s <<< FAILURE! - in com.example.stockprice.StockpriceApplicationTests
com.example.stockprice.StockpriceApplicationTests  Time elapsed: 6.397 s  <<< ERROR!
java.lang.IllegalStateException: Unable to find a @SpringBootConfiguration, you need to use @ContextConfiguration or @SpringBootTest(classes=...) with your test

